TN:
SF:/Users/jonnydommett/Desktop/Synoptic Project/Media-File-Organizer/src/customStyleMapper.js
FN:4,(anonymous_0)
FNF:1
FNH:1
FNDA:65,(anonymous_0)
DA:1,1
DA:4,65
LF:2
LH:2
BRF:0
BRH:0
end_of_record
TN:
SF:/Users/jonnydommett/Desktop/Synoptic Project/Media-File-Organizer/src/renderer/Page/Playlists/Playlists.tsx
FN:26,(anonymous_0)
FN:27,Playlists
FN:42,(anonymous_2)
FN:60,(anonymous_3)
FN:64,(anonymous_4)
FN:68,(anonymous_5)
FN:75,(anonymous_6)
FN:84,(anonymous_7)
FN:88,(anonymous_8)
FN:97,(anonymous_9)
FN:103,(anonymous_10)
FN:109,(anonymous_11)
FN:121,(anonymous_12)
FN:134,(anonymous_13)
FN:137,(anonymous_14)
FN:145,(anonymous_15)
FN:148,(anonymous_16)
FN:149,(anonymous_17)
FNF:18
FNH:9
FNDA:1,(anonymous_0)
FNDA:2,Playlists
FNDA:0,(anonymous_2)
FNDA:0,(anonymous_3)
FNDA:2,(anonymous_4)
FNDA:0,(anonymous_5)
FNDA:0,(anonymous_6)
FNDA:3,(anonymous_7)
FNDA:1,(anonymous_8)
FNDA:1,(anonymous_9)
FNDA:1,(anonymous_10)
FNDA:0,(anonymous_11)
FNDA:7,(anonymous_12)
FNDA:1,(anonymous_13)
FNDA:0,(anonymous_14)
FNDA:0,(anonymous_15)
FNDA:0,(anonymous_16)
FNDA:0,(anonymous_17)
DA:1,1
DA:2,1
DA:5,1
DA:6,1
DA:7,1
DA:8,1
DA:9,1
DA:26,1
DA:28,2
DA:29,2
DA:38,2
DA:39,2
DA:42,1
DA:43,0
DA:44,0
DA:45,0
DA:52,0
DA:60,1
DA:61,0
DA:64,1
DA:65,2
DA:68,1
DA:69,0
DA:70,0
DA:72,0
DA:73,0
DA:75,0
DA:79,0
DA:80,0
DA:84,3
DA:85,3
DA:88,1
DA:97,1
DA:98,1
DA:103,1
DA:104,1
DA:109,1
DA:110,0
DA:111,0
DA:112,0
DA:117,0
DA:118,0
DA:121,7
DA:122,7
DA:123,7
DA:125,7
DA:126,0
DA:128,7
DA:134,1
DA:137,0
DA:146,0
DA:148,0
DA:150,0
DA:171,1
LF:54
LH:32
BRDA:28,0,0,2
BRDA:28,0,1,2
BRDA:44,1,0,0
BRDA:44,1,1,0
BRDA:49,2,0,0
BRDA:49,2,1,0
BRDA:72,3,0,0
BRDA:72,3,1,0
BRDA:79,4,0,0
BRDA:79,4,1,0
BRDA:117,5,0,0
BRDA:117,5,1,0
BRDA:125,6,0,0
BRDA:125,6,1,7
BRDA:131,7,0,7
BRDA:131,7,1,5
BRDA:131,7,2,0
BRDA:131,7,3,0
BRDA:145,8,0,0
BRDA:145,8,1,7
BRDA:144,9,0,7
BRDA:144,9,1,5
BRDA:144,9,2,0
BRDA:144,9,3,0
BRDA:144,9,4,0
BRDA:165,10,0,7
BRDA:165,10,1,0
BRDA:166,11,0,7
BRDA:166,11,1,3
BRF:29
BRH:11
end_of_record
TN:
SF:/Users/jonnydommett/Desktop/Synoptic Project/Media-File-Organizer/src/renderer/components/InformationPopOver/InformationPopOver.tsx
FN:13,(anonymous_0)
FN:14,InformationPopOver
FN:21,(anonymous_2)
FN:40,(anonymous_3)
FNF:4
FNH:1
FNDA:1,(anonymous_0)
FNDA:0,InformationPopOver
FNDA:0,(anonymous_2)
FNDA:0,(anonymous_3)
DA:1,1
DA:3,1
DA:13,1
DA:15,0
DA:16,0
DA:21,1
DA:22,0
DA:41,0
DA:48,1
LF:9
LH:5
BRDA:15,0,0,0
BRDA:15,0,1,0
BRDA:35,1,0,0
BRDA:35,1,1,0
BRDA:39,2,0,0
BRDA:39,2,1,0
BRF:6
BRH:0
end_of_record
TN:
SF:/Users/jonnydommett/Desktop/Synoptic Project/Media-File-Organizer/src/renderer/components/Modal/Modal.tsx
FN:16,(anonymous_0)
FN:17,Modal
FN:21,(anonymous_2)
FN:29,(anonymous_3)
FN:36,(anonymous_4)
FN:37,(anonymous_5)
FNF:6
FNH:3
FNDA:1,(anonymous_0)
FNDA:2,Modal
FNDA:3,(anonymous_2)
FNDA:0,(anonymous_3)
FNDA:0,(anonymous_4)
FNDA:0,(anonymous_5)
DA:1,1
DA:2,1
DA:3,1
DA:4,1
DA:16,1
DA:18,2
DA:21,3
DA:22,3
DA:23,3
DA:29,0
DA:36,0
DA:37,0
DA:45,1
LF:13
LH:10
BRDA:18,0,0,2
BRDA:18,0,1,2
BRDA:29,1,0,0
BRDA:29,1,1,0
BRDA:34,2,0,0
BRDA:34,2,1,3
BRDA:36,3,0,0
BRDA:36,3,1,0
BRDA:37,4,0,0
BRDA:37,4,1,0
BRF:10
BRH:3
end_of_record
